# JRE version: OpenJDK Runtime Environment (11.0.15) (build 11.0.15+0-b2043.56-9505619)
# Java VM: OpenJDK 64-Bit Server VM (11.0.15+0-b2043.56-9505619, mixed mode, tiered, compressed oops, g1 gc, windows-amd64)
Heap:
 garbage-first heap   total 98304K, used 33318K [0x00000000a1e00000, 0x0000000100000000)
  region size 1024K, 25 young (25600K), 4 survivors (4096K)
 Metaspace       used 39376K, capacity 40457K, committed 40704K, reserved 1085440K
  class space    used 4418K, capacity 4854K, committed 4864K, reserved 1048576K
GC Heap History (12 events):
Event: 1.345 GC heap before
{Heap before GC invocations=0 (full 0):
 garbage-first heap   total 98304K, used 7168K [0x00000000a1e00000, 0x0000000100000000)
  region size 1024K, 7 young (7168K), 0 survivors (0K)
 Metaspace       used 8840K, capacity 9008K, committed 9088K, reserved 1056768K
  class space    used 782K, capacity 831K, committed 896K, reserved 1048576K
}
Event: 1.349 GC heap after
{Heap after GC invocations=1 (full 0):
 garbage-first heap   total 98304K, used 2746K [0x00000000a1e00000, 0x0000000100000000)
  region size 1024K, 1 young (1024K), 1 survivors (1024K)
 Metaspace       used 8840K, capacity 9008K, committed 9088K, reserved 1056768K
  class space    used 782K, capacity 831K, committed 896K, reserved 1048576K
}
Event: 2.085 GC heap before
{Heap before GC invocations=1 (full 0):
 garbage-first heap   total 98304K, used 8890K [0x00000000a1e00000, 0x0000000100000000)
  region size 1024K, 7 young (7168K), 1 survivors (1024K)
 Metaspace       used 10993K, capacity 11155K, committed 11392K, reserved 1058816K
  class space    used 987K, capacity 1056K, committed 1152K, reserved 1048576K
}
Event: 2.087 GC heap after
{Heap after GC invocations=2 (full 0):
 garbage-first heap   total 98304K, used 3173K [0x00000000a1e00000, 0x0000000100000000)
  region size 1024K, 1 young (1024K), 1 survivors (1024K)
 Metaspace       used 10993K, capacity 11155K, committed 11392K, reserved 1058816K
  class space    used 987K, capacity 1056K, committed 1152K, reserved 1048576K
}
Event: 5.283 GC heap before
{Heap before GC invocations=2 (full 0):
 garbage-first heap   total 98304K, used 13413K [0x00000000a1e00000, 0x0000000100000000)
  region size 1024K, 12 young (12288K), 1 survivors (1024K)
 Metaspace       used 15559K, capacity 15813K, committed 15872K, reserved 1062912K
  class space    used 1629K, capacity 1738K, committed 1792K, reserved 1048576K
}
Event: 5.287 GC heap after
{Heap after GC invocations=3 (full 0):
 garbage-first heap   total 98304K, used 4263K [0x00000000a1e00000, 0x0000000100000000)
  region size 1024K, 2 young (2048K), 2 survivors (2048K)
 Metaspace       used 15559K, capacity 15813K, committed 15872K, reserved 1062912K
  class space    used 1629K, capacity 1738K, committed 1792K, reserved 1048576K
}
Event: 10.116 GC heap before
{Heap before GC invocations=3 (full 0):
 garbage-first heap   total 98304K, used 21671K [0x00000000a1e00000, 0x0000000100000000)
  region size 1024K, 19 young (19456K), 2 survivors (2048K)
 Metaspace       used 20673K, capacity 21167K, committed 21248K, reserved 1069056K
  class space    used 2118K, capacity 2234K, committed 2304K, reserved 1048576K
}
Event: 10.127 GC heap after
{Heap after GC invocations=4 (full 0):
 garbage-first heap   total 98304K, used 7227K [0x00000000a1e00000, 0x0000000100000000)
  region size 1024K, 4 young (4096K), 4 survivors (4096K)
 Metaspace       used 20673K, capacity 21167K, committed 21248K, reserved 1069056K
  class space    used 2118K, capacity 2234K, committed 2304K, reserved 1048576K
}
Event: 13.863 GC heap before
{Heap before GC invocations=5 (full 0):
 garbage-first heap   total 98304K, used 33851K [0x00000000a1e00000, 0x0000000100000000)
  region size 1024K, 30 young (30720K), 4 survivors (4096K)
 Metaspace       used 27481K, capacity 28124K, committed 28288K, reserved 1075200K
  class space    used 2966K, capacity 3128K, committed 3200K, reserved 1048576K
}
Event: 13.886 GC heap after
{Heap after GC invocations=6 (full 0):
 garbage-first heap   total 98304K, used 8992K [0x00000000a1e00000, 0x0000000100000000)
  region size 1024K, 2 young (2048K), 2 survivors (2048K)
 Metaspace       used 27481K, capacity 28124K, committed 28288K, reserved 1075200K
  class space    used 2966K, capacity 3128K, committed 3200K, reserved 1048576K
}
Event: 18.733 GC heap before
{Heap before GC invocations=6 (full 0):
 garbage-first heap   total 98304K, used 36640K [0x00000000a1e00000, 0x0000000100000000)
  region size 1024K, 28 young (28672K), 2 survivors (2048K)
 Metaspace       used 34894K, capacity 35740K, committed 35840K, reserved 1081344K
  class space    used 3888K, capacity 4147K, committed 4224K, reserved 1048576K
}
Event: 18.742 GC heap after
{Heap after GC invocations=7 (full 0):
 garbage-first heap   total 98304K, used 13862K [0x00000000a1e00000, 0x0000000100000000)
  region size 1024K, 4 young (4096K), 4 survivors (4096K)
 Metaspace       used 34894K, capacity 35740K, committed 35840K, reserved 1081344K
  class space    used 3888K, capacity 4147K, committed 4224K, reserved 1048576K
}

